<?xml version="1.0" encoding="UTF-8"?>
<!-- Generated by org.testng.reporters.JUnitXMLReporter -->
<testsuite ignored="0" hostname="Ames-MBP" failures="1" tests="3" name="Error Validation Test" time="46.359" errors="0" timestamp="2024-11-06T01:55:30 SGT">
  <testcase classname="Training.Tests.ErrorValidationTest" name="LoginErrorValidation" time="1.28">
    <skipped/>
  </testcase> <!-- LoginErrorValidation -->
  <testcase classname="Training.Tests.ErrorValidationTest" name="LoginErrorValidation" time="0.84">
    <failure type="java.lang.AssertionError" message="expected [Incorrect email or password.] but found [Incorrect email password.]">
      <![CDATA[java.lang.AssertionError: expected [Incorrect email or password.] but found [Incorrect email password.]
at Training.Tests.ErrorValidationTest.LoginErrorValidation(ErrorValidationTest.java:29)
at java.base/java.util.ArrayList.forEach(ArrayList.java:1511)
at java.base/java.util.concurrent.FutureTask.run(FutureTask.java:264)
at java.base/java.util.concurrent.ThreadPoolExecutor.runWorker(ThreadPoolExecutor.java:1136)
at java.base/java.util.concurrent.ThreadPoolExecutor$Worker.run(ThreadPoolExecutor.java:635)
at java.base/java.lang.Thread.run(Thread.java:840)
... Removed 23 stack frames]]>
    </failure>
  </testcase> <!-- LoginErrorValidation -->
  <testcase classname="Training.Tests.ErrorValidationTest" name="ProductErrorValidation" time="11.273"/>
</testsuite> <!-- Error Validation Test -->
