<?xml version="1.0" encoding="UTF-8"?>
<testng-results retried="1" ignored="1" total="7" passed="4" failed="1" skipped="0">
  <reporter-output>
  </reporter-output>
  <suite started-at="2024-11-06T01:54:43 SGT" name="Suite" finished-at="2024-11-06T01:55:41 SGT" duration-ms="57967">
    <groups>
      <group name="ErrorHandling">
        <method signature="ErrorValidationTest.LoginErrorValidation()[pri:0, instance:Training.Tests.ErrorValidationTest@29ca3d04]" name="LoginErrorValidation" class="Training.Tests.ErrorValidationTest"/>
      </group> <!-- ErrorHandling -->
      <group name="purchase">
        <method signature="SubmitOrderTest.SubmitOrder(java.lang.String,java.lang.String,java.lang.String)[pri:0, instance:Training.Tests.SubmitOrderTest@22295ec4]" name="SubmitOrder" class="Training.Tests.SubmitOrderTest"/>
      </group> <!-- purchase -->
    </groups>
    <test started-at="2024-11-06T01:54:43 SGT" name="Error Validation Test" finished-at="2024-11-06T01:55:30 SGT" duration-ms="46359">
      <class name="Training.Tests.ErrorValidationTest">
        <test-method is-config="true" signature="launchPageApplication()[pri:0, instance:Training.Tests.ErrorValidationTest@29ca3d04]" started-at="2024-11-06T01:54:43 SGT" name="launchPageApplication" finished-at="2024-11-06T01:54:51 SGT" duration-ms="7511" status="PASS">
          <reporter-output>
          </reporter-output>
        </test-method> <!-- launchPageApplication -->
        <test-method retried="true" signature="LoginErrorValidation()[pri:0, instance:Training.Tests.ErrorValidationTest@29ca3d04]" started-at="2024-11-06T01:54:51 SGT" name="LoginErrorValidation" finished-at="2024-11-06T01:54:52 SGT" duration-ms="1280" status="SKIP">
          <exception class="java.lang.AssertionError">
            <message>
              <![CDATA[expected [Incorrect email or password.] but found [Incorrect email password.]]]>
            </message>
            <full-stacktrace>
              <![CDATA[java.lang.AssertionError: expected [Incorrect email or password.] but found [Incorrect email password.]
at org.testng.Assert.fail(Assert.java:111)
at org.testng.Assert.failNotEquals(Assert.java:1578)
at org.testng.Assert.assertEqualsImpl(Assert.java:150)
at org.testng.Assert.assertEquals(Assert.java:132)
at org.testng.Assert.assertEquals(Assert.java:656)
at org.testng.Assert.assertEquals(Assert.java:666)
at Training.Tests.ErrorValidationTest.LoginErrorValidation(ErrorValidationTest.java:29)
at java.base/jdk.internal.reflect.NativeMethodAccessorImpl.invoke0(Native Method)
at java.base/jdk.internal.reflect.NativeMethodAccessorImpl.invoke(NativeMethodAccessorImpl.java:77)
at java.base/jdk.internal.reflect.DelegatingMethodAccessorImpl.invoke(DelegatingMethodAccessorImpl.java:43)
at java.base/java.lang.reflect.Method.invoke(Method.java:568)
at org.testng.internal.invokers.MethodInvocationHelper.invokeMethod(MethodInvocationHelper.java:141)
at org.testng.internal.invokers.TestInvoker.invokeMethod(TestInvoker.java:686)
at org.testng.internal.invokers.TestInvoker.invokeTestMethod(TestInvoker.java:230)
at org.testng.internal.invokers.MethodRunner.runInSequence(MethodRunner.java:63)
at org.testng.internal.invokers.TestInvoker$MethodInvocationAgent.invoke(TestInvoker.java:992)
at org.testng.internal.invokers.TestInvoker.invokeTestMethods(TestInvoker.java:203)
at org.testng.internal.invokers.TestMethodWorker.invokeTestMethods(TestMethodWorker.java:154)
at org.testng.internal.invokers.TestMethodWorker.run(TestMethodWorker.java:134)
at java.base/java.util.ArrayList.forEach(ArrayList.java:1511)
at org.testng.TestRunner.privateRun(TestRunner.java:739)
at org.testng.TestRunner.run(TestRunner.java:614)
at org.testng.SuiteRunner.runTest(SuiteRunner.java:421)
at org.testng.SuiteRunner$SuiteWorker.run(SuiteRunner.java:463)
at org.testng.internal.thread.ThreadUtil.lambda$execute$0(ThreadUtil.java:64)
at java.base/java.util.concurrent.FutureTask.run(FutureTask.java:264)
at java.base/java.util.concurrent.ThreadPoolExecutor.runWorker(ThreadPoolExecutor.java:1136)
at java.base/java.util.concurrent.ThreadPoolExecutor$Worker.run(ThreadPoolExecutor.java:635)
at java.base/java.lang.Thread.run(Thread.java:840)
]]>
            </full-stacktrace>
          </exception> <!-- java.lang.AssertionError -->
          <reporter-output>
          </reporter-output>
        </test-method> <!-- LoginErrorValidation -->
        <test-method is-config="true" signature="QuiteWebsite()[pri:0, instance:Training.Tests.ErrorValidationTest@29ca3d04]" started-at="2024-11-06T01:54:52 SGT" name="QuiteWebsite" finished-at="2024-11-06T01:54:57 SGT" duration-ms="5206" status="PASS">
          <reporter-output>
          </reporter-output>
        </test-method> <!-- QuiteWebsite -->
        <test-method is-config="true" signature="launchPageApplication()[pri:0, instance:Training.Tests.ErrorValidationTest@29ca3d04]" started-at="2024-11-06T01:54:57 SGT" name="launchPageApplication" finished-at="2024-11-06T01:55:03 SGT" duration-ms="5735" status="PASS">
          <reporter-output>
          </reporter-output>
        </test-method> <!-- launchPageApplication -->
        <test-method signature="LoginErrorValidation()[pri:0, instance:Training.Tests.ErrorValidationTest@29ca3d04]" started-at="2024-11-06T01:55:03 SGT" name="LoginErrorValidation" finished-at="2024-11-06T01:55:04 SGT" duration-ms="840" status="FAIL">
          <exception class="java.lang.AssertionError">
            <message>
              <![CDATA[expected [Incorrect email or password.] but found [Incorrect email password.]]]>
            </message>
            <full-stacktrace>
              <![CDATA[java.lang.AssertionError: expected [Incorrect email or password.] but found [Incorrect email password.]
at org.testng.Assert.fail(Assert.java:111)
at org.testng.Assert.failNotEquals(Assert.java:1578)
at org.testng.Assert.assertEqualsImpl(Assert.java:150)
at org.testng.Assert.assertEquals(Assert.java:132)
at org.testng.Assert.assertEquals(Assert.java:656)
at org.testng.Assert.assertEquals(Assert.java:666)
at Training.Tests.ErrorValidationTest.LoginErrorValidation(ErrorValidationTest.java:29)
at java.base/jdk.internal.reflect.NativeMethodAccessorImpl.invoke0(Native Method)
at java.base/jdk.internal.reflect.NativeMethodAccessorImpl.invoke(NativeMethodAccessorImpl.java:77)
at java.base/jdk.internal.reflect.DelegatingMethodAccessorImpl.invoke(DelegatingMethodAccessorImpl.java:43)
at java.base/java.lang.reflect.Method.invoke(Method.java:568)
at org.testng.internal.invokers.MethodInvocationHelper.invokeMethod(MethodInvocationHelper.java:141)
at org.testng.internal.invokers.TestInvoker.invokeMethod(TestInvoker.java:686)
at org.testng.internal.invokers.TestInvoker.retryFailed(TestInvoker.java:269)
at org.testng.internal.invokers.MethodRunner.runInSequence(MethodRunner.java:76)
at org.testng.internal.invokers.TestInvoker$MethodInvocationAgent.invoke(TestInvoker.java:992)
at org.testng.internal.invokers.TestInvoker.invokeTestMethods(TestInvoker.java:203)
at org.testng.internal.invokers.TestMethodWorker.invokeTestMethods(TestMethodWorker.java:154)
at org.testng.internal.invokers.TestMethodWorker.run(TestMethodWorker.java:134)
at java.base/java.util.ArrayList.forEach(ArrayList.java:1511)
at org.testng.TestRunner.privateRun(TestRunner.java:739)
at org.testng.TestRunner.run(TestRunner.java:614)
at org.testng.SuiteRunner.runTest(SuiteRunner.java:421)
at org.testng.SuiteRunner$SuiteWorker.run(SuiteRunner.java:463)
at org.testng.internal.thread.ThreadUtil.lambda$execute$0(ThreadUtil.java:64)
at java.base/java.util.concurrent.FutureTask.run(FutureTask.java:264)
at java.base/java.util.concurrent.ThreadPoolExecutor.runWorker(ThreadPoolExecutor.java:1136)
at java.base/java.util.concurrent.ThreadPoolExecutor$Worker.run(ThreadPoolExecutor.java:635)
at java.base/java.lang.Thread.run(Thread.java:840)
]]>
            </full-stacktrace>
          </exception> <!-- java.lang.AssertionError -->
          <reporter-output>
          </reporter-output>
        </test-method> <!-- LoginErrorValidation -->
        <test-method is-config="true" signature="QuiteWebsite()[pri:0, instance:Training.Tests.ErrorValidationTest@29ca3d04]" started-at="2024-11-06T01:55:05 SGT" name="QuiteWebsite" finished-at="2024-11-06T01:55:10 SGT" duration-ms="5279" status="PASS">
          <reporter-output>
          </reporter-output>
        </test-method> <!-- QuiteWebsite -->
        <test-method is-config="true" signature="launchPageApplication()[pri:0, instance:Training.Tests.ErrorValidationTest@29ca3d04]" started-at="2024-11-06T01:55:10 SGT" name="launchPageApplication" finished-at="2024-11-06T01:55:13 SGT" duration-ms="2894" status="PASS">
          <reporter-output>
          </reporter-output>
        </test-method> <!-- launchPageApplication -->
        <test-method signature="ProductErrorValidation()[pri:0, instance:Training.Tests.ErrorValidationTest@29ca3d04]" started-at="2024-11-06T01:55:13 SGT" name="ProductErrorValidation" finished-at="2024-11-06T01:55:24 SGT" duration-ms="11273" status="PASS">
          <reporter-output>
          </reporter-output>
        </test-method> <!-- ProductErrorValidation -->
        <test-method is-config="true" signature="QuiteWebsite()[pri:0, instance:Training.Tests.ErrorValidationTest@29ca3d04]" started-at="2024-11-06T01:55:24 SGT" name="QuiteWebsite" finished-at="2024-11-06T01:55:30 SGT" duration-ms="5277" status="PASS">
          <reporter-output>
          </reporter-output>
        </test-method> <!-- QuiteWebsite -->
      </class> <!-- Training.Tests.ErrorValidationTest -->
    </test> <!-- Error Validation Test -->
    <test started-at="2024-11-06T01:54:43 SGT" name="Submit Order Test" finished-at="2024-11-06T01:55:41 SGT" duration-ms="57967">
      <class name="Training.Tests.SubmitOrderTest">
        <test-method is-config="true" signature="launchPageApplication()[pri:0, instance:Training.Tests.SubmitOrderTest@22295ec4]" started-at="2024-11-06T01:54:43 SGT" name="launchPageApplication" finished-at="2024-11-06T01:54:51 SGT" duration-ms="7427" status="PASS">
          <reporter-output>
          </reporter-output>
        </test-method> <!-- launchPageApplication -->
        <test-method signature="SubmitOrder(java.lang.String,java.lang.String,java.lang.String)[pri:0, instance:Training.Tests.SubmitOrderTest@22295ec4]" started-at="2024-11-06T01:54:51 SGT" name="SubmitOrder" data-provider="getData" finished-at="2024-11-06T01:55:02 SGT" duration-ms="11534" status="PASS">
          <params>
            <param index="0">
              <value>
                <![CDATA[ame@gmail.com]]>
              </value>
            </param>
            <param index="1">
              <value>
                <![CDATA[Cvmad135]]>
              </value>
            </param>
            <param index="2">
              <value>
                <![CDATA[ADIDAS ORIGINAL]]>
              </value>
            </param>
          </params>
          <reporter-output>
          </reporter-output>
        </test-method> <!-- SubmitOrder -->
        <test-method is-config="true" signature="QuiteWebsite()[pri:0, instance:Training.Tests.SubmitOrderTest@22295ec4]" started-at="2024-11-06T01:55:02 SGT" name="QuiteWebsite" finished-at="2024-11-06T01:55:07 SGT" duration-ms="5145" status="PASS">
          <reporter-output>
          </reporter-output>
        </test-method> <!-- QuiteWebsite -->
        <test-method is-config="true" signature="launchPageApplication()[pri:0, instance:Training.Tests.SubmitOrderTest@22295ec4]" started-at="2024-11-06T01:55:07 SGT" name="launchPageApplication" finished-at="2024-11-06T01:55:10 SGT" duration-ms="2765" status="PASS">
          <reporter-output>
          </reporter-output>
        </test-method> <!-- launchPageApplication -->
        <test-method signature="SubmitOrder(java.lang.String,java.lang.String,java.lang.String)[pri:0, instance:Training.Tests.SubmitOrderTest@22295ec4]" started-at="2024-11-06T01:55:10 SGT" name="SubmitOrder" data-provider="getData" finished-at="2024-11-06T01:55:24 SGT" duration-ms="13912" status="PASS">
          <params>
            <param index="0">
              <value>
                <![CDATA[karthiame@gmail.com]]>
              </value>
            </param>
            <param index="1">
              <value>
                <![CDATA[Cvmad1350]]>
              </value>
            </param>
            <param index="2">
              <value>
                <![CDATA[ZARA COAT 3]]>
              </value>
            </param>
          </params>
          <reporter-output>
          </reporter-output>
        </test-method> <!-- SubmitOrder -->
        <test-method is-config="true" signature="QuiteWebsite()[pri:0, instance:Training.Tests.SubmitOrderTest@22295ec4]" started-at="2024-11-06T01:55:24 SGT" name="QuiteWebsite" finished-at="2024-11-06T01:55:29 SGT" duration-ms="5135" status="PASS">
          <reporter-output>
          </reporter-output>
        </test-method> <!-- QuiteWebsite -->
        <test-method is-config="true" signature="launchPageApplication()[pri:0, instance:Training.Tests.SubmitOrderTest@22295ec4]" started-at="2024-11-06T01:55:29 SGT" name="launchPageApplication" finished-at="2024-11-06T01:55:35 SGT" duration-ms="5748" status="PASS">
          <reporter-output>
          </reporter-output>
        </test-method> <!-- launchPageApplication -->
        <test-method signature="ProductVerify()[pri:0, instance:Training.Tests.SubmitOrderTest@22295ec4]" started-at="2024-11-06T01:55:35 SGT" name="ProductVerify" finished-at="2024-11-06T01:55:36 SGT" depends-on-methods="Training.Tests.SubmitOrderTest.SubmitOrder" duration-ms="952" status="PASS">
          <reporter-output>
          </reporter-output>
        </test-method> <!-- ProductVerify -->
        <test-method is-config="true" signature="QuiteWebsite()[pri:0, instance:Training.Tests.SubmitOrderTest@22295ec4]" started-at="2024-11-06T01:55:36 SGT" name="QuiteWebsite" finished-at="2024-11-06T01:55:41 SGT" duration-ms="5257" status="PASS">
          <reporter-output>
          </reporter-output>
        </test-method> <!-- QuiteWebsite -->
      </class> <!-- Training.Tests.SubmitOrderTest -->
    </test> <!-- Submit Order Test -->
  </suite> <!-- Suite -->
</testng-results>
